<?xml version="1.0" encoding="UTF-8"?>
<!-- Generated by org.testng.reporters.JUnitReportReporter -->
<testsuite hostname="supapawa" failures="0" tests="1" name="example.NewTestChrome" time="2.217" errors="0" timestamp="2023-12-27T15:15:40 EST" skipped="0">
  <testcase classname="example.NewTestChrome" name="testEasy" time="2.217"/>
</testsuite> <!-- example.NewTestChrome -->
