<?xml version="1.0" encoding="UTF-8"?>
<!-- Generated by org.testng.reporters.JUnitReportReporter -->
<testsuite hostname="supapawa" failures="0" tests="1" name="example.NewTest" time="3.091" errors="0" timestamp="2023-12-26T15:44:18 EST" skipped="0">
  <testcase classname="example.NewTest" name="testEasy" time="3.091"/>
</testsuite> <!-- example.NewTest -->
