<?xml version="1.0" encoding="UTF-8"?>
<!-- Generated by org.testng.reporters.JUnitReportReporter -->
<testsuite hostname="supapawa" failures="0" tests="1" name="example.NewTest" time="2.722" errors="0" timestamp="2023-12-27T10:48:22 EST" skipped="0">
  <testcase classname="example.NewTest" name="testEasy" time="2.722"/>
</testsuite> <!-- example.NewTest -->
