<?xml version="1.0" encoding="UTF-8"?>
<!-- Generated by org.testng.reporters.JUnitReportReporter -->
<testsuite hostname="supapawa" failures="0" tests="1" name="example.NewTestChrome" time="2.801" errors="0" timestamp="2023-12-27T10:51:27 EST" skipped="0">
  <testcase classname="example.NewTestChrome" name="testEasy" time="2.801"/>
</testsuite> <!-- example.NewTestChrome -->
